<?xml version="1.0" encoding="UTF-8" ?>
<testsuite tests="4" failures="0" name="com.dube.employeeinfomavenapp.EmployeeTest" time="0.94" errors="0" skipped="0">
  <properties>
[...]
</properties>
  <testcase classname="com.dube.employeeinfomavenapp.EmployeeTest" name="testSetDepartment" time="0.83"/>
  <testcase classname="com.dube.employeeinfomavenapp.EmployeeTest" name="testSetLastName" time="0"/>
  <testcase classname="com.dube.employeeinfomavenapp.EmployeeTest" name="testSetFirstName" time="0"/>
  <testcase classname="com.dube.employeeinfomavenapp.EmployeeTest" name="testSetId" time="0"/>
</testsuite>